<?xml version="1.0" encoding="UTF-8"?>
<!-- Generated by org.testng.reporters.JUnitReportReporter -->
<testsuite skipped="0" hostname="DharanyaGanesh" name="pages.CreateLead" tests="1" failures="0" timestamp="07 Jul 2018 01:49:44 GMT" time="41.291" errors="0">
  <testcase name="createLead" time="41.291" classname="pages.CreateLead"/>
</testsuite> <!-- pages.CreateLead -->
