<?xml version="1.0" encoding="UTF-8"?>
<!-- Generated by org.testng.reporters.JUnitReportReporter -->
<testsuite skipped="0" hostname="DharanyaGanesh" name="pages.DuplicateLead" tests="1" failures="0" timestamp="07 Jul 2018 02:18:46 GMT" time="51.520" errors="0">
  <testcase name="duplicateLead" time="51.520" classname="pages.DuplicateLead"/>
</testsuite> <!-- pages.DuplicateLead -->
