<?xml version="1.0" encoding="UTF-8"?>
<!-- Generated by org.testng.reporters.JUnitReportReporter -->
<testsuite skipped="0" hostname="DharanyaGanesh" name="leaf.leads.CreateLead" tests="3" failures="0" timestamp="01 Jul 2018 05:51:55 GMT" time="68.059" errors="0">
  <testcase name="createLead" time="22.214" classname="leaf.leads.CreateLead"/>
  <testcase name="createLead" time="22.608" classname="leaf.leads.CreateLead"/>
  <testcase name="createLead" time="23.237" classname="leaf.leads.CreateLead"/>
</testsuite> <!-- leaf.leads.CreateLead -->
