<?xml version="1.0" encoding="UTF-8"?>
<!-- Generated by org.testng.reporters.JUnitReportReporter -->
<testsuite skipped="0" hostname="DharanyaGanesh" name="pages.DeleteLead" tests="1" failures="0" timestamp="07 Jul 2018 01:49:44 GMT" time="41.151" errors="0">
  <testcase name="deleteLead" time="41.151" classname="pages.DeleteLead"/>
</testsuite> <!-- pages.DeleteLead -->
