<?xml version="1.0" encoding="UTF-8"?>
<!-- Generated by org.testng.reporters.JUnitReportReporter -->
<testsuite skipped="1" hostname="DharanyaGanesh" name="pages.CreateLead1" tests="2" failures="0" timestamp="06 Jul 2018 18:27:11 GMT" time="8.260" errors="1">
  <testcase name="createLead" time="0.000" classname="pages.CreateLead1">
    <skipped/>
  </testcase> <!-- createLead -->
  <testcase name="beforeMethod" time="8.260" classname="pages.CreateLead1">
    <error type="java.lang.RuntimeException">
      <![CDATA[java.lang.RuntimeException
at lib.reports.Reports.reportSteps(Reports.java:62)
at lib.selenium.WebDriverServiceImpl.type(WebDriverServiceImpl.java:34)
at lib.selenium.PreAndPost.beforeMethod(PreAndPost.java:40)
at sun.reflect.NativeMethodAccessorImpl.invoke0(Native Method)
at sun.reflect.NativeMethodAccessorImpl.invoke(NativeMethodAccessorImpl.java:62)
at sun.reflect.DelegatingMethodAccessorImpl.invoke(DelegatingMethodAccessorImpl.java:43)
at java.lang.reflect.Method.invoke(Method.java:483)
at org.testng.internal.MethodInvocationHelper.invokeMethod(MethodInvocationHelper.java:124)
at org.testng.internal.MethodInvocationHelper.invokeMethodConsideringTimeout(MethodInvocationHelper.java:59)
at org.testng.internal.Invoker.invokeConfigurationMethod(Invoker.java:455)
at org.testng.internal.Invoker.invokeConfigurations(Invoker.java:222)
at org.testng.internal.Invoker.invokeMethod(Invoker.java:520)
at org.testng.internal.Invoker.invokeTestMethod(Invoker.java:716)
at org.testng.internal.Invoker.invokeTestMethods(Invoker.java:988)
at org.testng.internal.TestMethodWorker.invokeTestMethods(TestMethodWorker.java:125)
at org.testng.internal.TestMethodWorker.run(TestMethodWorker.java:109)
at java.util.concurrent.ThreadPoolExecutor.runWorker(ThreadPoolExecutor.java:1142)
at java.util.concurrent.ThreadPoolExecutor$Worker.run(ThreadPoolExecutor.java:617)
at java.lang.Thread.run(Thread.java:744)
]]>
    </error>
  </testcase> <!-- beforeMethod -->
</testsuite> <!-- pages.CreateLead1 -->
